[2020-03-05 10:25:55] local.ERROR: Invalid argument supplied for foreach() {"exception":"[object] (ErrorException(code: 0): Invalid argument supplied for foreach() at /mnt/c/Users/PG_SCHOOL_1/code/tis-backend/vendor/fruitcake/laravel-cors/src/CorsServiceProvider.php:36)
[stacktrace]
#0 /mnt/c/Users/PG_SCHOOL_1/code/tis-backend/vendor/fruitcake/laravel-cors/src/CorsServiceProvider.php(36): Illuminate\\Foundation\\Bootstrap\\HandleExceptions->handleError(2, 'Invalid argumen...', '/mnt/c/Users/PG...', 36, Array)
#1 /mnt/c/Users/PG_SCHOOL_1/code/tis-backend/vendor/laravel/framework/src/Illuminate/Container/Container.php(799): Fruitcake\\Cors\\CorsServiceProvider->Fruitcake\\Cors\\{closure}(Object(Illuminate\\Foundation\\Application), Array)
#2 /mnt/c/Users/PG_SCHOOL_1/code/tis-backend/vendor/laravel/framework/src/Illuminate/Container/Container.php(681): Illuminate\\Container\\Container->build(Object(Closure))
#3 /mnt/c/Users/PG_SCHOOL_1/code/tis-backend/vendor/laravel/framework/src/Illuminate/Container/Container.php(629): Illuminate\\Container\\Container->resolve('Asm89\\\\Stack\\\\Cor...', Array)
#4 /mnt/c/Users/PG_SCHOOL_1/code/tis-backend/vendor/laravel/framework/src/Illuminate/Foundation/Application.php(769): Illuminate\\Container\\Container->make('Asm89\\\\Stack\\\\Cor...', Array)
#5 /mnt/c/Users/PG_SCHOOL_1/code/tis-backend/vendor/laravel/framework/src/Illuminate/Container/Container.php(945): Illuminate\\Foundation\\Application->make('Asm89\\\\Stack\\\\Cor...')
#6 /mnt/c/Users/PG_SCHOOL_1/code/tis-backend/vendor/laravel/framework/src/Illuminate/Container/Container.php(873): Illuminate\\Container\\Container->resolveClass(Object(ReflectionParameter))
#7 /mnt/c/Users/PG_SCHOOL_1/code/tis-backend/vendor/laravel/framework/src/Illuminate/Container/Container.php(834): Illuminate\\Container\\Container->resolveDependencies(Array)
#8 /mnt/c/Users/PG_SCHOOL_1/code/tis-backend/vendor/laravel/framework/src/Illuminate/Container/Container.php(681): Illuminate\\Container\\Container->build('Fruitcake\\\\Cors\\\\...')
#9 /mnt/c/Users/PG_SCHOOL_1/code/tis-backend/vendor/laravel/framework/src/Illuminate/Container/Container.php(629): Illuminate\\Container\\Container->resolve('Fruitcake\\\\Cors\\\\...', Array)
#10 /mnt/c/Users/PG_SCHOOL_1/code/tis-backend/vendor/laravel/framework/src/Illuminate/Foundation/Application.php(769): Illuminate\\Container\\Container->make('Fruitcake\\\\Cors\\\\...', Array)
#11 /mnt/c/Users/PG_SCHOOL_1/code/tis-backend/vendor/laravel/framework/src/Illuminate/Pipeline/Pipeline.php(160): Illuminate\\Foundation\\Application->make('Fruitcake\\\\Cors\\\\...')
#12 /mnt/c/Users/PG_SCHOOL_1/code/tis-backend/vendor/laravel/framework/src/Illuminate/Foundation/Http/Middleware/TransformsRequest.php(21): Illuminate\\Pipeline\\Pipeline->Illuminate\\Pipeline\\{closure}(Object(Illuminate\\Http\\Request))
#13 /mnt/c/Users/PG_SCHOOL_1/code/tis-backend/vendor/laravel/framework/src/Illuminate/Pipeline/Pipeline.php(171): Illuminate\\Foundation\\Http\\Middleware\\TransformsRequest->handle(Object(Illuminate\\Http\\Request), Object(Closure))
#14 /mnt/c/Users/PG_SCHOOL_1/code/tis-backend/vendor/laravel/framework/src/Illuminate/Foundation/Http/Middleware/TransformsRequest.php(21): Illuminate\\Pipeline\\Pipeline->Illuminate\\Pipeline\\{closure}(Object(Illuminate\\Http\\Request))
#15 /mnt/c/Users/PG_SCHOOL_1/code/tis-backend/vendor/laravel/framework/src/Illuminate/Pipeline/Pipeline.php(171): Illuminate\\Foundation\\Http\\Middleware\\TransformsRequest->handle(Object(Illuminate\\Http\\Request), Object(Closure))
#16 /mnt/c/Users/PG_SCHOOL_1/code/tis-backend/vendor/laravel/framework/src/Illuminate/Foundation/Http/Middleware/ValidatePostSize.php(27): Illuminate\\Pipeline\\Pipeline->Illuminate\\Pipeline\\{closure}(Object(Illuminate\\Http\\Request))
#17 /mnt/c/Users/PG_SCHOOL_1/code/tis-backend/vendor/laravel/framework/src/Illuminate/Pipeline/Pipeline.php(171): Illuminate\\Foundation\\Http\\Middleware\\ValidatePostSize->handle(Object(Illuminate\\Http\\Request), Object(Closure))
#18 /mnt/c/Users/PG_SCHOOL_1/code/tis-backend/vendor/laravel/framework/src/Illuminate/Foundation/Http/Middleware/CheckForMaintenanceMode.php(62): Illuminate\\Pipeline\\Pipeline->Illuminate\\Pipeline\\{closure}(Object(Illuminate\\Http\\Request))
#19 /mnt/c/Users/PG_SCHOOL_1/code/tis-backend/vendor/laravel/framework/src/Illuminate/Pipeline/Pipeline.php(171): Illuminate\\Foundation\\Http\\Middleware\\CheckForMaintenanceMode->handle(Object(Illuminate\\Http\\Request), Object(Closure))
#20 /mnt/c/Users/PG_SCHOOL_1/code/tis-backend/vendor/fideloper/proxy/src/TrustProxies.php(57): Illuminate\\Pipeline\\Pipeline->Illuminate\\Pipeline\\{closure}(Object(Illuminate\\Http\\Request))
#21 /mnt/c/Users/PG_SCHOOL_1/code/tis-backend/vendor/laravel/framework/src/Illuminate/Pipeline/Pipeline.php(171): Fideloper\\Proxy\\TrustProxies->handle(Object(Illuminate\\Http\\Request), Object(Closure))
#22 /mnt/c/Users/PG_SCHOOL_1/code/tis-backend/vendor/laravel/framework/src/Illuminate/Pipeline/Pipeline.php(105): Illuminate\\Pipeline\\Pipeline->Illuminate\\Pipeline\\{closure}(Object(Illuminate\\Http\\Request))
#23 /mnt/c/Users/PG_SCHOOL_1/code/tis-backend/vendor/laravel/framework/src/Illuminate/Foundation/Http/Kernel.php(145): Illuminate\\Pipeline\\Pipeline->then(Object(Closure))
#24 /mnt/c/Users/PG_SCHOOL_1/code/tis-backend/vendor/laravel/framework/src/Illuminate/Foundation/Http/Kernel.php(110): Illuminate\\Foundation\\Http\\Kernel->sendRequestThroughRouter(Object(Illuminate\\Http\\Request))
#25 /mnt/c/Users/PG_SCHOOL_1/code/tis-backend/public/index.php(55): Illuminate\\Foundation\\Http\\Kernel->handle(Object(Illuminate\\Http\\Request))
#26 /mnt/c/Users/PG_SCHOOL_1/code/tis-backend/server.php(21): require_once('/mnt/c/Users/PG...')
#27 {main}
"} 
[2020-03-05 10:25:56] local.ERROR: Invalid argument supplied for foreach() {"exception":"[object] (ErrorException(code: 0): Invalid argument supplied for foreach() at /mnt/c/Users/PG_SCHOOL_1/code/tis-backend/vendor/fruitcake/laravel-cors/src/CorsServiceProvider.php:36)
[stacktrace]
#0 /mnt/c/Users/PG_SCHOOL_1/code/tis-backend/vendor/fruitcake/laravel-cors/src/CorsServiceProvider.php(36): Illuminate\\Foundation\\Bootstrap\\HandleExceptions->handleError(2, 'Invalid argumen...', '/mnt/c/Users/PG...', 36, Array)
#1 /mnt/c/Users/PG_SCHOOL_1/code/tis-backend/vendor/laravel/framework/src/Illuminate/Container/Container.php(799): Fruitcake\\Cors\\CorsServiceProvider->Fruitcake\\Cors\\{closure}(Object(Illuminate\\Foundation\\Application), Array)
#2 /mnt/c/Users/PG_SCHOOL_1/code/tis-backend/vendor/laravel/framework/src/Illuminate/Container/Container.php(681): Illuminate\\Container\\Container->build(Object(Closure))
#3 /mnt/c/Users/PG_SCHOOL_1/code/tis-backend/vendor/laravel/framework/src/Illuminate/Container/Container.php(629): Illuminate\\Container\\Container->resolve('Asm89\\\\Stack\\\\Cor...', Array)
#4 /mnt/c/Users/PG_SCHOOL_1/code/tis-backend/vendor/laravel/framework/src/Illuminate/Foundation/Application.php(769): Illuminate\\Container\\Container->make('Asm89\\\\Stack\\\\Cor...', Array)
#5 /mnt/c/Users/PG_SCHOOL_1/code/tis-backend/vendor/laravel/framework/src/Illuminate/Container/Container.php(945): Illuminate\\Foundation\\Application->make('Asm89\\\\Stack\\\\Cor...')
#6 /mnt/c/Users/PG_SCHOOL_1/code/tis-backend/vendor/laravel/framework/src/Illuminate/Container/Container.php(873): Illuminate\\Container\\Container->resolveClass(Object(ReflectionParameter))
#7 /mnt/c/Users/PG_SCHOOL_1/code/tis-backend/vendor/laravel/framework/src/Illuminate/Container/Container.php(834): Illuminate\\Container\\Container->resolveDependencies(Array)
#8 /mnt/c/Users/PG_SCHOOL_1/code/tis-backend/vendor/laravel/framework/src/Illuminate/Container/Container.php(681): Illuminate\\Container\\Container->build('Fruitcake\\\\Cors\\\\...')
#9 /mnt/c/Users/PG_SCHOOL_1/code/tis-backend/vendor/laravel/framework/src/Illuminate/Container/Container.php(629): Illuminate\\Container\\Container->resolve('Fruitcake\\\\Cors\\\\...', Array)
#10 /mnt/c/Users/PG_SCHOOL_1/code/tis-backend/vendor/laravel/framework/src/Illuminate/Foundation/Application.php(769): Illuminate\\Container\\Container->make('Fruitcake\\\\Cors\\\\...', Array)
#11 /mnt/c/Users/PG_SCHOOL_1/code/tis-backend/vendor/laravel/framework/src/Illuminate/Foundation/Http/Kernel.php(209): Illuminate\\Foundation\\Application->make('Fruitcake\\\\Cors\\\\...')
#12 /mnt/c/Users/PG_SCHOOL_1/code/tis-backend/vendor/laravel/framework/src/Illuminate/Foundation/Http/Kernel.php(183): Illuminate\\Foundation\\Http\\Kernel->terminateMiddleware(Object(Illuminate\\Http\\Request), Object(Illuminate\\Http\\Response))
#13 /mnt/c/Users/PG_SCHOOL_1/code/tis-backend/public/index.php(60): Illuminate\\Foundation\\Http\\Kernel->terminate(Object(Illuminate\\Http\\Request), Object(Illuminate\\Http\\Response))
#14 /mnt/c/Users/PG_SCHOOL_1/code/tis-backend/server.php(21): require_once('/mnt/c/Users/PG...')
#15 {main}
"} 
[2020-03-05 10:26:21] local.ERROR: Invalid argument supplied for foreach() {"exception":"[object] (ErrorException(code: 0): Invalid argument supplied for foreach() at /mnt/c/Users/PG_SCHOOL_1/code/tis-backend/vendor/fruitcake/laravel-cors/src/CorsServiceProvider.php:36)
[stacktrace]
#0 /mnt/c/Users/PG_SCHOOL_1/code/tis-backend/vendor/fruitcake/laravel-cors/src/CorsServiceProvider.php(36): Illuminate\\Foundation\\Bootstrap\\HandleExceptions->handleError(2, 'Invalid argumen...', '/mnt/c/Users/PG...', 36, Array)
#1 /mnt/c/Users/PG_SCHOOL_1/code/tis-backend/vendor/laravel/framework/src/Illuminate/Container/Container.php(799): Fruitcake\\Cors\\CorsServiceProvider->Fruitcake\\Cors\\{closure}(Object(Illuminate\\Foundation\\Application), Array)
#2 /mnt/c/Users/PG_SCHOOL_1/code/tis-backend/vendor/laravel/framework/src/Illuminate/Container/Container.php(681): Illuminate\\Container\\Container->build(Object(Closure))
#3 /mnt/c/Users/PG_SCHOOL_1/code/tis-backend/vendor/laravel/framework/src/Illuminate/Container/Container.php(629): Illuminate\\Container\\Container->resolve('Asm89\\\\Stack\\\\Cor...', Array)
#4 /mnt/c/Users/PG_SCHOOL_1/code/tis-backend/vendor/laravel/framework/src/Illuminate/Foundation/Application.php(769): Illuminate\\Container\\Container->make('Asm89\\\\Stack\\\\Cor...', Array)
#5 /mnt/c/Users/PG_SCHOOL_1/code/tis-backend/vendor/laravel/framework/src/Illuminate/Container/Container.php(945): Illuminate\\Foundation\\Application->make('Asm89\\\\Stack\\\\Cor...')
#6 /mnt/c/Users/PG_SCHOOL_1/code/tis-backend/vendor/laravel/framework/src/Illuminate/Container/Container.php(873): Illuminate\\Container\\Container->resolveClass(Object(ReflectionParameter))
#7 /mnt/c/Users/PG_SCHOOL_1/code/tis-backend/vendor/laravel/framework/src/Illuminate/Container/Container.php(834): Illuminate\\Container\\Container->resolveDependencies(Array)
#8 /mnt/c/Users/PG_SCHOOL_1/code/tis-backend/vendor/laravel/framework/src/Illuminate/Container/Container.php(681): Illuminate\\Container\\Container->build('Fruitcake\\\\Cors\\\\...')
#9 /mnt/c/Users/PG_SCHOOL_1/code/tis-backend/vendor/laravel/framework/src/Illuminate/Container/Container.php(629): Illuminate\\Container\\Container->resolve('Fruitcake\\\\Cors\\\\...', Array)
#10 /mnt/c/Users/PG_SCHOOL_1/code/tis-backend/vendor/laravel/framework/src/Illuminate/Foundation/Application.php(769): Illuminate\\Container\\Container->make('Fruitcake\\\\Cors\\\\...', Array)
#11 /mnt/c/Users/PG_SCHOOL_1/code/tis-backend/vendor/laravel/framework/src/Illuminate/Pipeline/Pipeline.php(160): Illuminate\\Foundation\\Application->make('Fruitcake\\\\Cors\\\\...')
#12 /mnt/c/Users/PG_SCHOOL_1/code/tis-backend/vendor/laravel/framework/src/Illuminate/Foundation/Http/Middleware/TransformsRequest.php(21): Illuminate\\Pipeline\\Pipeline->Illuminate\\Pipeline\\{closure}(Object(Illuminate\\Http\\Request))
#13 /mnt/c/Users/PG_SCHOOL_1/code/tis-backend/vendor/laravel/framework/src/Illuminate/Pipeline/Pipeline.php(171): Illuminate\\Foundation\\Http\\Middleware\\TransformsRequest->handle(Object(Illuminate\\Http\\Request), Object(Closure))
#14 /mnt/c/Users/PG_SCHOOL_1/code/tis-backend/vendor/laravel/framework/src/Illuminate/Foundation/Http/Middleware/TransformsRequest.php(21): Illuminate\\Pipeline\\Pipeline->Illuminate\\Pipeline\\{closure}(Object(Illuminate\\Http\\Request))
#15 /mnt/c/Users/PG_SCHOOL_1/code/tis-backend/vendor/laravel/framework/src/Illuminate/Pipeline/Pipeline.php(171): Illuminate\\Foundation\\Http\\Middleware\\TransformsRequest->handle(Object(Illuminate\\Http\\Request), Object(Closure))
#16 /mnt/c/Users/PG_SCHOOL_1/code/tis-backend/vendor/laravel/framework/src/Illuminate/Foundation/Http/Middleware/ValidatePostSize.php(27): Illuminate\\Pipeline\\Pipeline->Illuminate\\Pipeline\\{closure}(Object(Illuminate\\Http\\Request))
#17 /mnt/c/Users/PG_SCHOOL_1/code/tis-backend/vendor/laravel/framework/src/Illuminate/Pipeline/Pipeline.php(171): Illuminate\\Foundation\\Http\\Middleware\\ValidatePostSize->handle(Object(Illuminate\\Http\\Request), Object(Closure))
#18 /mnt/c/Users/PG_SCHOOL_1/code/tis-backend/vendor/laravel/framework/src/Illuminate/Foundation/Http/Middleware/CheckForMaintenanceMode.php(62): Illuminate\\Pipeline\\Pipeline->Illuminate\\Pipeline\\{closure}(Object(Illuminate\\Http\\Request))
#19 /mnt/c/Users/PG_SCHOOL_1/code/tis-backend/vendor/laravel/framework/src/Illuminate/Pipeline/Pipeline.php(171): Illuminate\\Foundation\\Http\\Middleware\\CheckForMaintenanceMode->handle(Object(Illuminate\\Http\\Request), Object(Closure))
#20 /mnt/c/Users/PG_SCHOOL_1/code/tis-backend/vendor/fideloper/proxy/src/TrustProxies.php(57): Illuminate\\Pipeline\\Pipeline->Illuminate\\Pipeline\\{closure}(Object(Illuminate\\Http\\Request))
#21 /mnt/c/Users/PG_SCHOOL_1/code/tis-backend/vendor/laravel/framework/src/Illuminate/Pipeline/Pipeline.php(171): Fideloper\\Proxy\\TrustProxies->handle(Object(Illuminate\\Http\\Request), Object(Closure))
#22 /mnt/c/Users/PG_SCHOOL_1/code/tis-backend/vendor/laravel/framework/src/Illuminate/Pipeline/Pipeline.php(105): Illuminate\\Pipeline\\Pipeline->Illuminate\\Pipeline\\{closure}(Object(Illuminate\\Http\\Request))
#23 /mnt/c/Users/PG_SCHOOL_1/code/tis-backend/vendor/laravel/framework/src/Illuminate/Foundation/Http/Kernel.php(145): Illuminate\\Pipeline\\Pipeline->then(Object(Closure))
#24 /mnt/c/Users/PG_SCHOOL_1/code/tis-backend/vendor/laravel/framework/src/Illuminate/Foundation/Http/Kernel.php(110): Illuminate\\Foundation\\Http\\Kernel->sendRequestThroughRouter(Object(Illuminate\\Http\\Request))
#25 /mnt/c/Users/PG_SCHOOL_1/code/tis-backend/public/index.php(55): Illuminate\\Foundation\\Http\\Kernel->handle(Object(Illuminate\\Http\\Request))
#26 /mnt/c/Users/PG_SCHOOL_1/code/tis-backend/server.php(21): require_once('/mnt/c/Users/PG...')
#27 {main}
"} 
[2020-03-05 10:26:22] local.ERROR: Invalid argument supplied for foreach() {"exception":"[object] (ErrorException(code: 0): Invalid argument supplied for foreach() at /mnt/c/Users/PG_SCHOOL_1/code/tis-backend/vendor/fruitcake/laravel-cors/src/CorsServiceProvider.php:36)
[stacktrace]
#0 /mnt/c/Users/PG_SCHOOL_1/code/tis-backend/vendor/fruitcake/laravel-cors/src/CorsServiceProvider.php(36): Illuminate\\Foundation\\Bootstrap\\HandleExceptions->handleError(2, 'Invalid argumen...', '/mnt/c/Users/PG...', 36, Array)
#1 /mnt/c/Users/PG_SCHOOL_1/code/tis-backend/vendor/laravel/framework/src/Illuminate/Container/Container.php(799): Fruitcake\\Cors\\CorsServiceProvider->Fruitcake\\Cors\\{closure}(Object(Illuminate\\Foundation\\Application), Array)
#2 /mnt/c/Users/PG_SCHOOL_1/code/tis-backend/vendor/laravel/framework/src/Illuminate/Container/Container.php(681): Illuminate\\Container\\Container->build(Object(Closure))
#3 /mnt/c/Users/PG_SCHOOL_1/code/tis-backend/vendor/laravel/framework/src/Illuminate/Container/Container.php(629): Illuminate\\Container\\Container->resolve('Asm89\\\\Stack\\\\Cor...', Array)
#4 /mnt/c/Users/PG_SCHOOL_1/code/tis-backend/vendor/laravel/framework/src/Illuminate/Foundation/Application.php(769): Illuminate\\Container\\Container->make('Asm89\\\\Stack\\\\Cor...', Array)
#5 /mnt/c/Users/PG_SCHOOL_1/code/tis-backend/vendor/laravel/framework/src/Illuminate/Container/Container.php(945): Illuminate\\Foundation\\Application->make('Asm89\\\\Stack\\\\Cor...')
#6 /mnt/c/Users/PG_SCHOOL_1/code/tis-backend/vendor/laravel/framework/src/Illuminate/Container/Container.php(873): Illuminate\\Container\\Container->resolveClass(Object(ReflectionParameter))
#7 /mnt/c/Users/PG_SCHOOL_1/code/tis-backend/vendor/laravel/framework/src/Illuminate/Container/Container.php(834): Illuminate\\Container\\Container->resolveDependencies(Array)
#8 /mnt/c/Users/PG_SCHOOL_1/code/tis-backend/vendor/laravel/framework/src/Illuminate/Container/Container.php(681): Illuminate\\Container\\Container->build('Fruitcake\\\\Cors\\\\...')
#9 /mnt/c/Users/PG_SCHOOL_1/code/tis-backend/vendor/laravel/framework/src/Illuminate/Container/Container.php(629): Illuminate\\Container\\Container->resolve('Fruitcake\\\\Cors\\\\...', Array)
#10 /mnt/c/Users/PG_SCHOOL_1/code/tis-backend/vendor/laravel/framework/src/Illuminate/Foundation/Application.php(769): Illuminate\\Container\\Container->make('Fruitcake\\\\Cors\\\\...', Array)
#11 /mnt/c/Users/PG_SCHOOL_1/code/tis-backend/vendor/laravel/framework/src/Illuminate/Foundation/Http/Kernel.php(209): Illuminate\\Foundation\\Application->make('Fruitcake\\\\Cors\\\\...')
#12 /mnt/c/Users/PG_SCHOOL_1/code/tis-backend/vendor/laravel/framework/src/Illuminate/Foundation/Http/Kernel.php(183): Illuminate\\Foundation\\Http\\Kernel->terminateMiddleware(Object(Illuminate\\Http\\Request), Object(Illuminate\\Http\\Response))
#13 /mnt/c/Users/PG_SCHOOL_1/code/tis-backend/public/index.php(60): Illuminate\\Foundation\\Http\\Kernel->terminate(Object(Illuminate\\Http\\Request), Object(Illuminate\\Http\\Response))
#14 /mnt/c/Users/PG_SCHOOL_1/code/tis-backend/server.php(21): require_once('/mnt/c/Users/PG...')
#15 {main}
"} 
